Build started 2/22/2012 5:38:59 PM.
     1>Project "C:\Users\stahl_howard\Desktop\Lec4SourceDotNet\studenttree\studenttree\studenttree.vcxproj" on node 2 (rebuild target(s)).
     1>PrepareForBuild:
         Creating directory "C:\Users\stahl_howard\Desktop\Lec4SourceDotNet\studenttree\Debug\".
       InitializeBuildStatus:
         Creating "Debug\studenttree.unsuccessfulbuild" because "AlwaysCreate" was specified.
       ClCompile:
         c:\Program Files (x86)\Microsoft Visual Studio 10.0\VC\bin\CL.exe /c /ZI /nologo /W3 /WX- /Od /Oy- /D WIN32 /D _DEBUG /D _CONSOLE /D _UNICODE /D UNICODE /Gm /EHsc /RTC1 /MDd /GS /fp:precise /Zc:wchar_t /Zc:forScope /Fo"Debug\\" /Fd"Debug\vc100.pdb" /Gd /TP /analyze- /errorReport:prompt ..\BadIterator.cpp ..\EmptyQueue.cpp ..\InvalidTreeArgument.cpp ..\LevelOrderIterator.cpp ..\Queue.cpp ..\QueueNode.cpp ..\Tree.cpp ..\TreeIterator.cpp ..\TreeMenu.cpp ..\TreeNode.cpp ..\ValueNotFound.cpp
         ValueNotFound.cpp
         TreeNode.cpp
         TreeMenu.cpp
         TreeIterator.cpp
         Tree.cpp
         QueueNode.cpp
         Queue.cpp
         LevelOrderIterator.cpp
         InvalidTreeArgument.cpp
         EmptyQueue.cpp
         BadIterator.cpp
         Generating Code...
       ManifestResourceCompile:
         C:\Program Files (x86)\Microsoft SDKs\Windows\v7.0A\bin\rc.exe /nologo /fo"Debug\studenttree.exe.embed.manifest.res" Debug\studenttree_manifest.rc 
       Link:
         c:\Program Files (x86)\Microsoft Visual Studio 10.0\VC\bin\link.exe /ERRORREPORT:PROMPT /OUT:"C:\Users\stahl_howard\Desktop\Lec4SourceDotNet\studenttree\Debug\studenttree.exe" /INCREMENTAL /NOLOGO kernel32.lib user32.lib gdi32.lib winspool.lib comdlg32.lib advapi32.lib shell32.lib ole32.lib oleaut32.lib uuid.lib odbc32.lib odbccp32.lib /MANIFEST /ManifestFile:"Debug\studenttree.exe.intermediate.manifest" /MANIFESTUAC:"level='asInvoker' uiAccess='false'" /DEBUG /PDB:"C:\Users\stahl_howard\Desktop\Lec4SourceDotNet\studenttree\Debug\studenttree.pdb" /SUBSYSTEM:CONSOLE /TLBID:1 /DYNAMICBASE /NXCOMPAT /IMPLIB:"C:\Users\stahl_howard\Desktop\Lec4SourceDotNet\studenttree\Debug\studenttree.lib" /MACHINE:X86 Debug\studenttree.exe.embed.manifest.res
         Debug\BadIterator.obj
         Debug\EmptyQueue.obj
         Debug\InvalidTreeArgument.obj
         Debug\LevelOrderIterator.obj
         Debug\Queue.obj
         Debug\QueueNode.obj
         Debug\Tree.obj
         Debug\TreeIterator.obj
         Debug\TreeMenu.obj
         Debug\TreeNode.obj
         Debug\ValueNotFound.obj
       Manifest:
         Deleting file "Debug\studenttree.exe.embed.manifest".
         C:\Program Files (x86)\Microsoft SDKs\Windows\v7.0A\bin\mt.exe /nologo /verbose /out:"Debug\studenttree.exe.embed.manifest" /manifest Debug\studenttree.exe.intermediate.manifest
         C:\Program Files (x86)\Microsoft SDKs\Windows\v7.0A\bin\rc.exe /nologo /fo"Debug\studenttree.exe.embed.manifest.res" Debug\studenttree_manifest.rc 
       LinkEmbedManifest:
         c:\Program Files (x86)\Microsoft Visual Studio 10.0\VC\bin\link.exe /ERRORREPORT:PROMPT /OUT:"C:\Users\stahl_howard\Desktop\Lec4SourceDotNet\studenttree\Debug\studenttree.exe" /INCREMENTAL /NOLOGO kernel32.lib user32.lib gdi32.lib winspool.lib comdlg32.lib advapi32.lib shell32.lib ole32.lib oleaut32.lib uuid.lib odbc32.lib odbccp32.lib /MANIFEST /ManifestFile:"Debug\studenttree.exe.intermediate.manifest" /MANIFESTUAC:"level='asInvoker' uiAccess='false'" /DEBUG /PDB:"C:\Users\stahl_howard\Desktop\Lec4SourceDotNet\studenttree\Debug\studenttree.pdb" /SUBSYSTEM:CONSOLE /TLBID:1 /DYNAMICBASE /NXCOMPAT /IMPLIB:"C:\Users\stahl_howard\Desktop\Lec4SourceDotNet\studenttree\Debug\studenttree.lib" /MACHINE:X86 Debug\studenttree.exe.embed.manifest.res
         Debug\BadIterator.obj
         Debug\EmptyQueue.obj
         Debug\InvalidTreeArgument.obj
         Debug\LevelOrderIterator.obj
         Debug\Queue.obj
         Debug\QueueNode.obj
         Debug\Tree.obj
         Debug\TreeIterator.obj
         Debug\TreeMenu.obj
         Debug\TreeNode.obj
         Debug\ValueNotFound.obj
         studenttree.vcxproj -> C:\Users\stahl_howard\Desktop\Lec4SourceDotNet\studenttree\Debug\studenttree.exe
       FinalizeBuildStatus:
         Deleting file "Debug\studenttree.unsuccessfulbuild".
         Touching "Debug\studenttree.lastbuildstate".
     1>Done Building Project "C:\Users\stahl_howard\Desktop\Lec4SourceDotNet\studenttree\studenttree\studenttree.vcxproj" (rebuild target(s)).

Build succeeded.

Time Elapsed 00:00:04.74
