Build started 2/22/2012 5:40:04 PM.
     1>Project "C:\Users\stahl_howard\Desktop\Lec4SourceDotNet\studentbinarytree\studentbinarytree\studentbinarytree.vcxproj" on node 2 (rebuild target(s)).
     1>PrepareForBuild:
         Creating directory "C:\Users\stahl_howard\Desktop\Lec4SourceDotNet\studentbinarytree\Debug\".
       InitializeBuildStatus:
         Creating "Debug\studentbinarytree.unsuccessfulbuild" because "AlwaysCreate" was specified.
       ClCompile:
         c:\Program Files (x86)\Microsoft Visual Studio 10.0\VC\bin\CL.exe /c /ZI /nologo /W3 /WX- /Od /Oy- /D WIN32 /D _DEBUG /D _CONSOLE /D _UNICODE /D UNICODE /Gm /EHsc /RTC1 /MDd /GS /fp:precise /Zc:wchar_t /Zc:forScope /Fo"Debug\\" /Fd"Debug\vc100.pdb" /Gd /TP /analyze- /errorReport:prompt ..\BadIterator.cpp ..\BinaryTree.cpp ..\BinaryTreeIterator.cpp ..\BinaryTreeNode.cpp ..\EmptyQueue.cpp ..\InvalidTreeArgument.cpp ..\LevelOrderIterator.cpp ..\Queue.cpp ..\QueueNode.cpp ..\TreeMenu.cpp
         TreeMenu.cpp
         QueueNode.cpp
         Queue.cpp
         LevelOrderIterator.cpp
         InvalidTreeArgument.cpp
         EmptyQueue.cpp
         BinaryTreeNode.cpp
         BinaryTreeIterator.cpp
         BinaryTree.cpp
         BadIterator.cpp
         Generating Code...
       ManifestResourceCompile:
         C:\Program Files (x86)\Microsoft SDKs\Windows\v7.0A\bin\rc.exe /nologo /fo"Debug\studentbinarytree.exe.embed.manifest.res" Debug\studentbinarytree_manifest.rc 
       Link:
         c:\Program Files (x86)\Microsoft Visual Studio 10.0\VC\bin\link.exe /ERRORREPORT:PROMPT /OUT:"C:\Users\stahl_howard\Desktop\Lec4SourceDotNet\studentbinarytree\Debug\studentbinarytree.exe" /INCREMENTAL /NOLOGO kernel32.lib user32.lib gdi32.lib winspool.lib comdlg32.lib advapi32.lib shell32.lib ole32.lib oleaut32.lib uuid.lib odbc32.lib odbccp32.lib /MANIFEST /ManifestFile:"Debug\studentbinarytree.exe.intermediate.manifest" /MANIFESTUAC:"level='asInvoker' uiAccess='false'" /DEBUG /PDB:"C:\Users\stahl_howard\Desktop\Lec4SourceDotNet\studentbinarytree\Debug\studentbinarytree.pdb" /SUBSYSTEM:CONSOLE /TLBID:1 /DYNAMICBASE /NXCOMPAT /IMPLIB:"C:\Users\stahl_howard\Desktop\Lec4SourceDotNet\studentbinarytree\Debug\studentbinarytree.lib" /MACHINE:X86 Debug\studentbinarytree.exe.embed.manifest.res
         Debug\BadIterator.obj
         Debug\BinaryTree.obj
         Debug\BinaryTreeIterator.obj
         Debug\BinaryTreeNode.obj
         Debug\EmptyQueue.obj
         Debug\InvalidTreeArgument.obj
         Debug\LevelOrderIterator.obj
         Debug\Queue.obj
         Debug\QueueNode.obj
         Debug\TreeMenu.obj
       Manifest:
         Deleting file "Debug\studentbinarytree.exe.embed.manifest".
         C:\Program Files (x86)\Microsoft SDKs\Windows\v7.0A\bin\mt.exe /nologo /verbose /out:"Debug\studentbinarytree.exe.embed.manifest" /manifest Debug\studentbinarytree.exe.intermediate.manifest
         C:\Program Files (x86)\Microsoft SDKs\Windows\v7.0A\bin\rc.exe /nologo /fo"Debug\studentbinarytree.exe.embed.manifest.res" Debug\studentbinarytree_manifest.rc 
       LinkEmbedManifest:
         c:\Program Files (x86)\Microsoft Visual Studio 10.0\VC\bin\link.exe /ERRORREPORT:PROMPT /OUT:"C:\Users\stahl_howard\Desktop\Lec4SourceDotNet\studentbinarytree\Debug\studentbinarytree.exe" /INCREMENTAL /NOLOGO kernel32.lib user32.lib gdi32.lib winspool.lib comdlg32.lib advapi32.lib shell32.lib ole32.lib oleaut32.lib uuid.lib odbc32.lib odbccp32.lib /MANIFEST /ManifestFile:"Debug\studentbinarytree.exe.intermediate.manifest" /MANIFESTUAC:"level='asInvoker' uiAccess='false'" /DEBUG /PDB:"C:\Users\stahl_howard\Desktop\Lec4SourceDotNet\studentbinarytree\Debug\studentbinarytree.pdb" /SUBSYSTEM:CONSOLE /TLBID:1 /DYNAMICBASE /NXCOMPAT /IMPLIB:"C:\Users\stahl_howard\Desktop\Lec4SourceDotNet\studentbinarytree\Debug\studentbinarytree.lib" /MACHINE:X86 Debug\studentbinarytree.exe.embed.manifest.res
         Debug\BadIterator.obj
         Debug\BinaryTree.obj
         Debug\BinaryTreeIterator.obj
         Debug\BinaryTreeNode.obj
         Debug\EmptyQueue.obj
         Debug\InvalidTreeArgument.obj
         Debug\LevelOrderIterator.obj
         Debug\Queue.obj
         Debug\QueueNode.obj
         Debug\TreeMenu.obj
         studentbinarytree.vcxproj -> C:\Users\stahl_howard\Desktop\Lec4SourceDotNet\studentbinarytree\Debug\studentbinarytree.exe
       FinalizeBuildStatus:
         Deleting file "Debug\studentbinarytree.unsuccessfulbuild".
         Touching "Debug\studentbinarytree.lastbuildstate".
     1>Done Building Project "C:\Users\stahl_howard\Desktop\Lec4SourceDotNet\studentbinarytree\studentbinarytree\studentbinarytree.vcxproj" (rebuild target(s)).

Build succeeded.

Time Elapsed 00:00:04.47
