Build started 2/22/2012 5:37:21 PM.
     1>Project "C:\Users\stahl_howard\Desktop\Lec3SourceDotNet\menudrivenlist\menudrivenlist\menudrivenlist.vcxproj" on node 2 (rebuild target(s)).
     1>PrepareForBuild:
         Creating directory "C:\Users\stahl_howard\Desktop\Lec3SourceDotNet\menudrivenlist\Debug\".
       InitializeBuildStatus:
         Creating "Debug\menudrivenlist.unsuccessfulbuild" because "AlwaysCreate" was specified.
       ClCompile:
         c:\Program Files (x86)\Microsoft Visual Studio 10.0\VC\bin\CL.exe /c /ZI /nologo /W3 /WX- /Od /Oy- /D WIN32 /D _DEBUG /D _CONSOLE /D _UNICODE /D UNICODE /Gm /EHsc /RTC1 /MDd /GS /fp:precise /Zc:wchar_t /Zc:forScope /Fo"Debug\\" /Fd"Debug\vc100.pdb" /Gd /TP /analyze- /errorReport:prompt ..\BadIterator.cpp ..\List.cpp ..\ListIterator.cpp ..\ListMenu.cpp ..\ListNode.cpp
         ListNode.cpp
         ListMenu.cpp
         ListIterator.cpp
         List.cpp
         BadIterator.cpp
         Generating Code...
       ManifestResourceCompile:
         C:\Program Files (x86)\Microsoft SDKs\Windows\v7.0A\bin\rc.exe /nologo /fo"Debug\menudrivenlist.exe.embed.manifest.res" Debug\menudrivenlist_manifest.rc 
       Link:
         c:\Program Files (x86)\Microsoft Visual Studio 10.0\VC\bin\link.exe /ERRORREPORT:PROMPT /OUT:"C:\Users\stahl_howard\Desktop\Lec3SourceDotNet\menudrivenlist\Debug\menudrivenlist.exe" /INCREMENTAL /NOLOGO kernel32.lib user32.lib gdi32.lib winspool.lib comdlg32.lib advapi32.lib shell32.lib ole32.lib oleaut32.lib uuid.lib odbc32.lib odbccp32.lib /MANIFEST /ManifestFile:"Debug\menudrivenlist.exe.intermediate.manifest" /MANIFESTUAC:"level='asInvoker' uiAccess='false'" /DEBUG /PDB:"C:\Users\stahl_howard\Desktop\Lec3SourceDotNet\menudrivenlist\Debug\menudrivenlist.pdb" /SUBSYSTEM:CONSOLE /TLBID:1 /DYNAMICBASE /NXCOMPAT /IMPLIB:"C:\Users\stahl_howard\Desktop\Lec3SourceDotNet\menudrivenlist\Debug\menudrivenlist.lib" /MACHINE:X86 Debug\menudrivenlist.exe.embed.manifest.res
         Debug\BadIterator.obj
         Debug\List.obj
         Debug\ListIterator.obj
         Debug\ListMenu.obj
         Debug\ListNode.obj
       Manifest:
         Deleting file "Debug\menudrivenlist.exe.embed.manifest".
         C:\Program Files (x86)\Microsoft SDKs\Windows\v7.0A\bin\mt.exe /nologo /verbose /out:"Debug\menudrivenlist.exe.embed.manifest" /manifest Debug\menudrivenlist.exe.intermediate.manifest
         C:\Program Files (x86)\Microsoft SDKs\Windows\v7.0A\bin\rc.exe /nologo /fo"Debug\menudrivenlist.exe.embed.manifest.res" Debug\menudrivenlist_manifest.rc 
       LinkEmbedManifest:
         c:\Program Files (x86)\Microsoft Visual Studio 10.0\VC\bin\link.exe /ERRORREPORT:PROMPT /OUT:"C:\Users\stahl_howard\Desktop\Lec3SourceDotNet\menudrivenlist\Debug\menudrivenlist.exe" /INCREMENTAL /NOLOGO kernel32.lib user32.lib gdi32.lib winspool.lib comdlg32.lib advapi32.lib shell32.lib ole32.lib oleaut32.lib uuid.lib odbc32.lib odbccp32.lib /MANIFEST /ManifestFile:"Debug\menudrivenlist.exe.intermediate.manifest" /MANIFESTUAC:"level='asInvoker' uiAccess='false'" /DEBUG /PDB:"C:\Users\stahl_howard\Desktop\Lec3SourceDotNet\menudrivenlist\Debug\menudrivenlist.pdb" /SUBSYSTEM:CONSOLE /TLBID:1 /DYNAMICBASE /NXCOMPAT /IMPLIB:"C:\Users\stahl_howard\Desktop\Lec3SourceDotNet\menudrivenlist\Debug\menudrivenlist.lib" /MACHINE:X86 Debug\menudrivenlist.exe.embed.manifest.res
         Debug\BadIterator.obj
         Debug\List.obj
         Debug\ListIterator.obj
         Debug\ListMenu.obj
         Debug\ListNode.obj
         menudrivenlist.vcxproj -> C:\Users\stahl_howard\Desktop\Lec3SourceDotNet\menudrivenlist\Debug\menudrivenlist.exe
       FinalizeBuildStatus:
         Deleting file "Debug\menudrivenlist.unsuccessfulbuild".
         Touching "Debug\menudrivenlist.lastbuildstate".
     1>Done Building Project "C:\Users\stahl_howard\Desktop\Lec3SourceDotNet\menudrivenlist\menudrivenlist\menudrivenlist.vcxproj" (rebuild target(s)).

Build succeeded.

Time Elapsed 00:00:02.84
