Build started 2/22/2012 5:34:56 PM.
     1>Project "C:\Users\stahl_howard\Desktop\Lec3SourceDotNet\menudrivenqueue\menudrivenqueue\menudrivenqueue.vcxproj" on node 2 (rebuild target(s)).
     1>PrepareForBuild:
         Creating directory "C:\Users\stahl_howard\Desktop\Lec3SourceDotNet\menudrivenqueue\Debug\".
       InitializeBuildStatus:
         Creating "Debug\menudrivenqueue.unsuccessfulbuild" because "AlwaysCreate" was specified.
       ClCompile:
         c:\Program Files (x86)\Microsoft Visual Studio 10.0\VC\bin\CL.exe /c /ZI /nologo /W3 /WX- /Od /Oy- /D WIN32 /D _DEBUG /D _CONSOLE /D _UNICODE /D UNICODE /Gm /EHsc /RTC1 /MDd /GS /fp:precise /Zc:wchar_t /Zc:forScope /Fo"Debug\\" /Fd"Debug\vc100.pdb" /Gd /TP /analyze- /errorReport:prompt ..\EmptyQueue.cpp ..\Queue.cpp ..\QueueMenu.cpp ..\QueueNode.cpp
         QueueNode.cpp
         QueueMenu.cpp
         Queue.cpp
         EmptyQueue.cpp
         Generating Code...
       ManifestResourceCompile:
         C:\Program Files (x86)\Microsoft SDKs\Windows\v7.0A\bin\rc.exe /nologo /fo"Debug\menudrivenqueue.exe.embed.manifest.res" Debug\menudrivenqueue_manifest.rc 
       Link:
         c:\Program Files (x86)\Microsoft Visual Studio 10.0\VC\bin\link.exe /ERRORREPORT:PROMPT /OUT:"C:\Users\stahl_howard\Desktop\Lec3SourceDotNet\menudrivenqueue\Debug\menudrivenqueue.exe" /INCREMENTAL /NOLOGO kernel32.lib user32.lib gdi32.lib winspool.lib comdlg32.lib advapi32.lib shell32.lib ole32.lib oleaut32.lib uuid.lib odbc32.lib odbccp32.lib /MANIFEST /ManifestFile:"Debug\menudrivenqueue.exe.intermediate.manifest" /MANIFESTUAC:"level='asInvoker' uiAccess='false'" /DEBUG /PDB:"C:\Users\stahl_howard\Desktop\Lec3SourceDotNet\menudrivenqueue\Debug\menudrivenqueue.pdb" /SUBSYSTEM:CONSOLE /TLBID:1 /DYNAMICBASE /NXCOMPAT /IMPLIB:"C:\Users\stahl_howard\Desktop\Lec3SourceDotNet\menudrivenqueue\Debug\menudrivenqueue.lib" /MACHINE:X86 Debug\menudrivenqueue.exe.embed.manifest.res
         Debug\EmptyQueue.obj
         Debug\Queue.obj
         Debug\QueueMenu.obj
         Debug\QueueNode.obj
       Manifest:
         Deleting file "Debug\menudrivenqueue.exe.embed.manifest".
         C:\Program Files (x86)\Microsoft SDKs\Windows\v7.0A\bin\mt.exe /nologo /verbose /out:"Debug\menudrivenqueue.exe.embed.manifest" /manifest Debug\menudrivenqueue.exe.intermediate.manifest
         C:\Program Files (x86)\Microsoft SDKs\Windows\v7.0A\bin\rc.exe /nologo /fo"Debug\menudrivenqueue.exe.embed.manifest.res" Debug\menudrivenqueue_manifest.rc 
       LinkEmbedManifest:
         c:\Program Files (x86)\Microsoft Visual Studio 10.0\VC\bin\link.exe /ERRORREPORT:PROMPT /OUT:"C:\Users\stahl_howard\Desktop\Lec3SourceDotNet\menudrivenqueue\Debug\menudrivenqueue.exe" /INCREMENTAL /NOLOGO kernel32.lib user32.lib gdi32.lib winspool.lib comdlg32.lib advapi32.lib shell32.lib ole32.lib oleaut32.lib uuid.lib odbc32.lib odbccp32.lib /MANIFEST /ManifestFile:"Debug\menudrivenqueue.exe.intermediate.manifest" /MANIFESTUAC:"level='asInvoker' uiAccess='false'" /DEBUG /PDB:"C:\Users\stahl_howard\Desktop\Lec3SourceDotNet\menudrivenqueue\Debug\menudrivenqueue.pdb" /SUBSYSTEM:CONSOLE /TLBID:1 /DYNAMICBASE /NXCOMPAT /IMPLIB:"C:\Users\stahl_howard\Desktop\Lec3SourceDotNet\menudrivenqueue\Debug\menudrivenqueue.lib" /MACHINE:X86 Debug\menudrivenqueue.exe.embed.manifest.res
         Debug\EmptyQueue.obj
         Debug\Queue.obj
         Debug\QueueMenu.obj
         Debug\QueueNode.obj
         menudrivenqueue.vcxproj -> C:\Users\stahl_howard\Desktop\Lec3SourceDotNet\menudrivenqueue\Debug\menudrivenqueue.exe
       FinalizeBuildStatus:
         Deleting file "Debug\menudrivenqueue.unsuccessfulbuild".
         Touching "Debug\menudrivenqueue.lastbuildstate".
     1>Done Building Project "C:\Users\stahl_howard\Desktop\Lec3SourceDotNet\menudrivenqueue\menudrivenqueue\menudrivenqueue.vcxproj" (rebuild target(s)).

Build succeeded.

Time Elapsed 00:00:02.58
