Build started 2/22/2012 5:33:50 PM.
     1>Project "C:\Users\stahl_howard\Desktop\Lec3SourceDotNet\menudrivenstack\menudrivenstack\menudrivenstack.vcxproj" on node 2 (rebuild target(s)).
     1>PrepareForBuild:
         Creating directory "C:\Users\stahl_howard\Desktop\Lec3SourceDotNet\menudrivenstack\Debug\".
       InitializeBuildStatus:
         Creating "Debug\menudrivenstack.unsuccessfulbuild" because "AlwaysCreate" was specified.
       ClCompile:
         c:\Program Files (x86)\Microsoft Visual Studio 10.0\VC\bin\CL.exe /c /ZI /nologo /W3 /WX- /Od /Oy- /D WIN32 /D _DEBUG /D _CONSOLE /D _UNICODE /D UNICODE /Gm /EHsc /RTC1 /MDd /GS /fp:precise /Zc:wchar_t /Zc:forScope /Fo"Debug\\" /Fd"Debug\vc100.pdb" /Gd /TP /analyze- /errorReport:prompt ..\EmptyStack.cpp ..\Stack.cpp ..\StackMenu.cpp ..\StackNode.cpp
         StackNode.cpp
         StackMenu.cpp
         Stack.cpp
         EmptyStack.cpp
         Generating Code...
       ManifestResourceCompile:
         C:\Program Files (x86)\Microsoft SDKs\Windows\v7.0A\bin\rc.exe /nologo /fo"Debug\menudrivenstack.exe.embed.manifest.res" Debug\menudrivenstack_manifest.rc 
       Link:
         c:\Program Files (x86)\Microsoft Visual Studio 10.0\VC\bin\link.exe /ERRORREPORT:PROMPT /OUT:"C:\Users\stahl_howard\Desktop\Lec3SourceDotNet\menudrivenstack\Debug\menudrivenstack.exe" /INCREMENTAL /NOLOGO kernel32.lib user32.lib gdi32.lib winspool.lib comdlg32.lib advapi32.lib shell32.lib ole32.lib oleaut32.lib uuid.lib odbc32.lib odbccp32.lib /MANIFEST /ManifestFile:"Debug\menudrivenstack.exe.intermediate.manifest" /MANIFESTUAC:"level='asInvoker' uiAccess='false'" /DEBUG /PDB:"C:\Users\stahl_howard\Desktop\Lec3SourceDotNet\menudrivenstack\Debug\menudrivenstack.pdb" /SUBSYSTEM:CONSOLE /TLBID:1 /DYNAMICBASE /NXCOMPAT /IMPLIB:"C:\Users\stahl_howard\Desktop\Lec3SourceDotNet\menudrivenstack\Debug\menudrivenstack.lib" /MACHINE:X86 Debug\menudrivenstack.exe.embed.manifest.res
         Debug\EmptyStack.obj
         Debug\Stack.obj
         Debug\StackMenu.obj
         Debug\StackNode.obj
       Manifest:
         Deleting file "Debug\menudrivenstack.exe.embed.manifest".
         C:\Program Files (x86)\Microsoft SDKs\Windows\v7.0A\bin\mt.exe /nologo /verbose /out:"Debug\menudrivenstack.exe.embed.manifest" /manifest Debug\menudrivenstack.exe.intermediate.manifest
         C:\Program Files (x86)\Microsoft SDKs\Windows\v7.0A\bin\rc.exe /nologo /fo"Debug\menudrivenstack.exe.embed.manifest.res" Debug\menudrivenstack_manifest.rc 
       LinkEmbedManifest:
         c:\Program Files (x86)\Microsoft Visual Studio 10.0\VC\bin\link.exe /ERRORREPORT:PROMPT /OUT:"C:\Users\stahl_howard\Desktop\Lec3SourceDotNet\menudrivenstack\Debug\menudrivenstack.exe" /INCREMENTAL /NOLOGO kernel32.lib user32.lib gdi32.lib winspool.lib comdlg32.lib advapi32.lib shell32.lib ole32.lib oleaut32.lib uuid.lib odbc32.lib odbccp32.lib /MANIFEST /ManifestFile:"Debug\menudrivenstack.exe.intermediate.manifest" /MANIFESTUAC:"level='asInvoker' uiAccess='false'" /DEBUG /PDB:"C:\Users\stahl_howard\Desktop\Lec3SourceDotNet\menudrivenstack\Debug\menudrivenstack.pdb" /SUBSYSTEM:CONSOLE /TLBID:1 /DYNAMICBASE /NXCOMPAT /IMPLIB:"C:\Users\stahl_howard\Desktop\Lec3SourceDotNet\menudrivenstack\Debug\menudrivenstack.lib" /MACHINE:X86 Debug\menudrivenstack.exe.embed.manifest.res
         Debug\EmptyStack.obj
         Debug\Stack.obj
         Debug\StackMenu.obj
         Debug\StackNode.obj
         menudrivenstack.vcxproj -> C:\Users\stahl_howard\Desktop\Lec3SourceDotNet\menudrivenstack\Debug\menudrivenstack.exe
       FinalizeBuildStatus:
         Deleting file "Debug\menudrivenstack.unsuccessfulbuild".
         Touching "Debug\menudrivenstack.lastbuildstate".
     1>Done Building Project "C:\Users\stahl_howard\Desktop\Lec3SourceDotNet\menudrivenstack\menudrivenstack\menudrivenstack.vcxproj" (rebuild target(s)).

Build succeeded.

Time Elapsed 00:00:02.55
